2013-04-22 15:04:13,325 - [INFO] - from play in main 
Listening for HTTP on port 9000...

2013-04-22 15:04:29,829 - [INFO] - from play in play-akka.actor.default-dispatcher-2 
Application started (Dev)

2013-04-22 15:09:58,955 - [ERROR] - from application in New I/O  worker #2 


! Internal server error, for request [GET /Make/%E5%AF%B9%E4%BA%8E%E4%B8%80%E4%B8%AA%E4%BE%9D%E8%B5%96%E4%BD%A0%E5%8F%AF%E4%BB%A5%E6%9C%89%E5%A4%9A%E4%B8%AA%E9%85%8D%E7%BD%AE%EF%BC%8C%E7%94%A8%E5%88%86%E5%8F%B7%E5%88%86%E5%BC%80%E3%80%82%E5%A6%82%EF%BC%9A%20dependsOn(bar%20%%20%22test-~gt~test;compile-~gt~compile%22)%E3%80%82/mutile-project/] ->

java.lang.IllegalArgumentException: URLDecoder: Illegal hex characters in escape (%) pattern - For input string: "%2"
	at java.net.URLDecoder.decode(URLDecoder.java:192) ~[na:1.7.0_15]
	at play.api.mvc.PathBindable$$anon$9.bind(Binders.scala:365) ~[play_2.9.1-2.0.4.jar:2.0.4]
	at play.api.mvc.PathBindable$$anon$9.bind(Binders.scala:364) ~[play_2.9.1-2.0.4.jar:2.0.4]
	at play.core.Router$RouteParams$$anonfun$fromPath$1.apply(Router.scala:1040) ~[play_2.9.1-2.0.4.jar:2.0.4]
	at play.core.Router$RouteParams$$anonfun$fromPath$1.apply(Router.scala:1040) ~[play_2.9.1-2.0.4.jar:2.0.4]
	at scala.Option.map(Option.scala:133) ~[scala-library.jar:0.12.2]
	at play.core.Router$RouteParams.fromPath(Router.scala:1040) ~[play_2.9.1-2.0.4.jar:2.0.4]
	at Routes$$anonfun$routes$1.apply(routes_routing.scala:87) ~[classes/:na]
	at Routes$$anonfun$routes$1.apply(routes_routing.scala:51) ~[classes/:na]
	at scala.PartialFunction$$anon$3.apply(PartialFunction.scala:67) ~[scala-library.jar:0.12.2]
	at scala.PartialFunction$$anon$3.apply(PartialFunction.scala:66) ~[scala-library.jar:0.12.2]
	at play.core.Router$Routes$class.handlerFor(Router.scala:1255) ~[play_2.9.1-2.0.4.jar:2.0.4]
	at Routes$.handlerFor(routes_routing.scala:14) ~[classes/:na]
	at play.api.GlobalSettings$$anonfun$onRouteRequest$1$$anonfun$apply$1.apply(Global.scala:64) ~[play_2.9.1-2.0.4.jar:2.0.4]
	at play.api.GlobalSettings$$anonfun$onRouteRequest$1$$anonfun$apply$1.apply(Global.scala:63) ~[play_2.9.1-2.0.4.jar:2.0.4]
	at scala.Option.flatMap(Option.scala:146) ~[scala-library.jar:0.12.2]
	at play.api.GlobalSettings$$anonfun$onRouteRequest$1.apply(Global.scala:63) ~[play_2.9.1-2.0.4.jar:2.0.4]
	at play.api.GlobalSettings$$anonfun$onRouteRequest$1.apply(Global.scala:63) ~[play_2.9.1-2.0.4.jar:2.0.4]
	at scala.Option.flatMap(Option.scala:146) ~[scala-library.jar:0.12.2]
	at play.api.GlobalSettings$class.onRouteRequest(Global.scala:63) ~[play_2.9.1-2.0.4.jar:2.0.4]
	at play.api.DefaultGlobal$.onRouteRequest(Global.scala:120) ~[play_2.9.1-2.0.4.jar:2.0.4]
	at play.core.server.Server$$anonfun$sendHandler$1$1.apply(Server.scala:60) ~[play_2.9.1-2.0.4.jar:2.0.4]
	at play.core.server.Server$$anonfun$sendHandler$1$1.apply(Server.scala:59) ~[play_2.9.1-2.0.4.jar:2.0.4]
	at scala.Either$RightProjection.map(Either.scala:285) [scala-library.jar:0.12.2]
	at play.core.server.Server$class.sendHandler$1(Server.scala:59) [play_2.9.1-2.0.4.jar:2.0.4]
	at play.core.server.Server$$anonfun$getHandlerFor$4.apply(Server.scala:89) [play_2.9.1-2.0.4.jar:2.0.4]
	at play.core.server.Server$$anonfun$getHandlerFor$4.apply(Server.scala:88) [play_2.9.1-2.0.4.jar:2.0.4]
	at scala.Either$RightProjection.flatMap(Either.scala:277) [scala-library.jar:0.12.2]
	at play.core.server.Server$class.getHandlerFor(Server.scala:88) [play_2.9.1-2.0.4.jar:2.0.4]
	at play.core.server.NettyServer.getHandlerFor(NettyServer.scala:38) [play_2.9.1-2.0.4.jar:2.0.4]
	at play.core.server.netty.PlayDefaultUpstreamHandler.messageReceived(PlayDefaultUpstreamHandler.scala:226) [play_2.9.1-2.0.4.jar:2.0.4]
	at org.jboss.netty.channel.SimpleChannelUpstreamHandler.handleUpstream(SimpleChannelUpstreamHandler.java:75) [netty-3.5.0.Final.jar:na]
	at org.jboss.netty.channel.DefaultChannelPipeline.sendUpstream(DefaultChannelPipeline.java:563) [netty-3.5.0.Final.jar:na]
	at org.jboss.netty.channel.DefaultChannelPipeline$DefaultChannelHandlerContext.sendUpstream(DefaultChannelPipeline.java:791) [netty-3.5.0.Final.jar:na]
	at org.jboss.netty.channel.Channels.fireMessageReceived(Channels.java:296) [netty-3.5.0.Final.jar:na]
	at org.jboss.netty.handler.codec.frame.FrameDecoder.unfoldAndFireMessageReceived(FrameDecoder.java:366) [netty-3.5.0.Final.jar:na]
	at org.jboss.netty.handler.codec.replay.ReplayingDecoder.callDecode(ReplayingDecoder.java:568) [netty-3.5.0.Final.jar:na]
	at org.jboss.netty.handler.codec.replay.ReplayingDecoder.messageReceived(ReplayingDecoder.java:437) [netty-3.5.0.Final.jar:na]
	at org.jboss.netty.channel.SimpleChannelUpstreamHandler.handleUpstream(SimpleChannelUpstreamHandler.java:75) [netty-3.5.0.Final.jar:na]
	at org.jboss.netty.channel.DefaultChannelPipeline.sendUpstream(DefaultChannelPipeline.java:563) [netty-3.5.0.Final.jar:na]
	at org.jboss.netty.channel.DefaultChannelPipeline.sendUpstream(DefaultChannelPipeline.java:558) [netty-3.5.0.Final.jar:na]
	at org.jboss.netty.channel.Channels.fireMessageReceived(Channels.java:268) [netty-3.5.0.Final.jar:na]
	at org.jboss.netty.channel.Channels.fireMessageReceived(Channels.java:255) [netty-3.5.0.Final.jar:na]
	at org.jboss.netty.channel.socket.nio.NioWorker.read(NioWorker.java:91) [netty-3.5.0.Final.jar:na]
	at org.jboss.netty.channel.socket.nio.AbstractNioWorker.processSelectedKeys(AbstractNioWorker.java:373) [netty-3.5.0.Final.jar:na]
	at org.jboss.netty.channel.socket.nio.AbstractNioWorker.run(AbstractNioWorker.java:247) [netty-3.5.0.Final.jar:na]
	at org.jboss.netty.channel.socket.nio.NioWorker.run(NioWorker.java:35) [netty-3.5.0.Final.jar:na]
	at org.jboss.netty.util.ThreadRenamingRunnable.run(ThreadRenamingRunnable.java:102) [netty-3.5.0.Final.jar:na]
	at org.jboss.netty.util.internal.DeadLockProofWorker$1.run(DeadLockProofWorker.java:42) [netty-3.5.0.Final.jar:na]
	at java.util.concurrent.ThreadPoolExecutor.runWorker(ThreadPoolExecutor.java:1145) [na:1.7.0_15]
	at java.util.concurrent.ThreadPoolExecutor$Worker.run(ThreadPoolExecutor.java:615) [na:1.7.0_15]
	at java.lang.Thread.run(Thread.java:722) [na:1.7.0_15]

2013-04-22 15:40:15,201 - [ERROR] - from application in New I/O  worker #4 


! Internal server error, for request [GET /insert/35/foo%20dependsOn(bar)%20%E6%84%8F%E5%91%B3%E7%9D%80%E5%9C%A8%20foo%20%E9%87%8C%E9%9D%A2%E7%9A%84Compile%20%E4%BE%9D%E8%B5%96%E4%BA%8E%20bar%20%E9%87%8C%E9%9D%A2%E7%9A%84%20Compile%20%E9%85%8D%E7%BD%AE%E3%80%82%E4%BD%A0%E4%B9%9F%E5%8F%AF%E4%BB%A5%E8%BF%99%E6%A0%B7%E5%86%99%EF%BC%8CdependsOn(bar%20%%20%22compile-~gt~compile%22)/mutile-project/] ->

java.lang.IllegalArgumentException: URLDecoder: Illegal hex characters in escape (%) pattern - For input string: "%2"
	at java.net.URLDecoder.decode(URLDecoder.java:192) ~[na:1.7.0_15]
	at play.api.mvc.PathBindable$$anon$9.bind(Binders.scala:365) ~[play_2.9.1-2.0.4.jar:2.0.4]
	at play.api.mvc.PathBindable$$anon$9.bind(Binders.scala:364) ~[play_2.9.1-2.0.4.jar:2.0.4]
	at play.core.Router$RouteParams$$anonfun$fromPath$1.apply(Router.scala:1040) ~[play_2.9.1-2.0.4.jar:2.0.4]
	at play.core.Router$RouteParams$$anonfun$fromPath$1.apply(Router.scala:1040) ~[play_2.9.1-2.0.4.jar:2.0.4]
	at scala.Option.map(Option.scala:133) ~[scala-library.jar:0.12.2]
	at play.core.Router$RouteParams.fromPath(Router.scala:1040) ~[play_2.9.1-2.0.4.jar:2.0.4]
	at Routes$$anonfun$routes$1.apply(routes_routing.scala:79) ~[classes/:na]
	at Routes$$anonfun$routes$1.apply(routes_routing.scala:51) ~[classes/:na]
	at scala.PartialFunction$$anon$3.apply(PartialFunction.scala:67) ~[scala-library.jar:0.12.2]
	at scala.PartialFunction$$anon$3.apply(PartialFunction.scala:66) ~[scala-library.jar:0.12.2]
	at play.core.Router$Routes$class.handlerFor(Router.scala:1255) ~[play_2.9.1-2.0.4.jar:2.0.4]
	at Routes$.handlerFor(routes_routing.scala:14) ~[classes/:na]
	at play.api.GlobalSettings$$anonfun$onRouteRequest$1$$anonfun$apply$1.apply(Global.scala:64) ~[play_2.9.1-2.0.4.jar:2.0.4]
	at play.api.GlobalSettings$$anonfun$onRouteRequest$1$$anonfun$apply$1.apply(Global.scala:63) ~[play_2.9.1-2.0.4.jar:2.0.4]
	at scala.Option.flatMap(Option.scala:146) ~[scala-library.jar:0.12.2]
	at play.api.GlobalSettings$$anonfun$onRouteRequest$1.apply(Global.scala:63) ~[play_2.9.1-2.0.4.jar:2.0.4]
	at play.api.GlobalSettings$$anonfun$onRouteRequest$1.apply(Global.scala:63) ~[play_2.9.1-2.0.4.jar:2.0.4]
	at scala.Option.flatMap(Option.scala:146) ~[scala-library.jar:0.12.2]
	at play.api.GlobalSettings$class.onRouteRequest(Global.scala:63) ~[play_2.9.1-2.0.4.jar:2.0.4]
	at play.api.DefaultGlobal$.onRouteRequest(Global.scala:120) ~[play_2.9.1-2.0.4.jar:2.0.4]
	at play.core.server.Server$$anonfun$sendHandler$1$1.apply(Server.scala:60) ~[play_2.9.1-2.0.4.jar:2.0.4]
	at play.core.server.Server$$anonfun$sendHandler$1$1.apply(Server.scala:59) ~[play_2.9.1-2.0.4.jar:2.0.4]
	at scala.Either$RightProjection.map(Either.scala:285) [scala-library.jar:0.12.2]
	at play.core.server.Server$class.sendHandler$1(Server.scala:59) [play_2.9.1-2.0.4.jar:2.0.4]
	at play.core.server.Server$$anonfun$getHandlerFor$4.apply(Server.scala:89) [play_2.9.1-2.0.4.jar:2.0.4]
	at play.core.server.Server$$anonfun$getHandlerFor$4.apply(Server.scala:88) [play_2.9.1-2.0.4.jar:2.0.4]
	at scala.Either$RightProjection.flatMap(Either.scala:277) [scala-library.jar:0.12.2]
	at play.core.server.Server$class.getHandlerFor(Server.scala:88) [play_2.9.1-2.0.4.jar:2.0.4]
	at play.core.server.NettyServer.getHandlerFor(NettyServer.scala:38) [play_2.9.1-2.0.4.jar:2.0.4]
	at play.core.server.netty.PlayDefaultUpstreamHandler.messageReceived(PlayDefaultUpstreamHandler.scala:226) [play_2.9.1-2.0.4.jar:2.0.4]
	at org.jboss.netty.channel.SimpleChannelUpstreamHandler.handleUpstream(SimpleChannelUpstreamHandler.java:75) [netty-3.5.0.Final.jar:na]
	at org.jboss.netty.channel.DefaultChannelPipeline.sendUpstream(DefaultChannelPipeline.java:563) [netty-3.5.0.Final.jar:na]
	at org.jboss.netty.channel.DefaultChannelPipeline$DefaultChannelHandlerContext.sendUpstream(DefaultChannelPipeline.java:791) [netty-3.5.0.Final.jar:na]
	at org.jboss.netty.channel.Channels.fireMessageReceived(Channels.java:296) [netty-3.5.0.Final.jar:na]
	at org.jboss.netty.handler.codec.frame.FrameDecoder.unfoldAndFireMessageReceived(FrameDecoder.java:366) [netty-3.5.0.Final.jar:na]
	at org.jboss.netty.handler.codec.replay.ReplayingDecoder.callDecode(ReplayingDecoder.java:568) [netty-3.5.0.Final.jar:na]
	at org.jboss.netty.handler.codec.replay.ReplayingDecoder.messageReceived(ReplayingDecoder.java:437) [netty-3.5.0.Final.jar:na]
	at org.jboss.netty.channel.SimpleChannelUpstreamHandler.handleUpstream(SimpleChannelUpstreamHandler.java:75) [netty-3.5.0.Final.jar:na]
	at org.jboss.netty.channel.DefaultChannelPipeline.sendUpstream(DefaultChannelPipeline.java:563) [netty-3.5.0.Final.jar:na]
	at org.jboss.netty.channel.DefaultChannelPipeline.sendUpstream(DefaultChannelPipeline.java:558) [netty-3.5.0.Final.jar:na]
	at org.jboss.netty.channel.Channels.fireMessageReceived(Channels.java:268) [netty-3.5.0.Final.jar:na]
	at org.jboss.netty.channel.Channels.fireMessageReceived(Channels.java:255) [netty-3.5.0.Final.jar:na]
	at org.jboss.netty.channel.socket.nio.NioWorker.read(NioWorker.java:91) [netty-3.5.0.Final.jar:na]
	at org.jboss.netty.channel.socket.nio.AbstractNioWorker.processSelectedKeys(AbstractNioWorker.java:373) [netty-3.5.0.Final.jar:na]
	at org.jboss.netty.channel.socket.nio.AbstractNioWorker.run(AbstractNioWorker.java:247) [netty-3.5.0.Final.jar:na]
	at org.jboss.netty.channel.socket.nio.NioWorker.run(NioWorker.java:35) [netty-3.5.0.Final.jar:na]
	at org.jboss.netty.util.ThreadRenamingRunnable.run(ThreadRenamingRunnable.java:102) [netty-3.5.0.Final.jar:na]
	at org.jboss.netty.util.internal.DeadLockProofWorker$1.run(DeadLockProofWorker.java:42) [netty-3.5.0.Final.jar:na]
	at java.util.concurrent.ThreadPoolExecutor.runWorker(ThreadPoolExecutor.java:1145) [na:1.7.0_15]
	at java.util.concurrent.ThreadPoolExecutor$Worker.run(ThreadPoolExecutor.java:615) [na:1.7.0_15]
	at java.lang.Thread.run(Thread.java:722) [na:1.7.0_15]

2013-04-22 15:42:16,124 - [ERROR] - from application in New I/O  worker #4 


! Internal server error, for request [GET /insert/37/%E7%9C%81%E7%95%A5%E4%BA%86%20-~gt~config%20%E7%9A%84%E9%83%A8%E5%88%86%E6%84%8F%E5%91%B3%E7%9D%80%20-~gt~compile%EF%BC%8C%E5%9B%A0%E6%AD%A4%20dependsOn(bar%20%%20%22test%22)%E6%84%8F%E5%91%B3%E7%9D%80foo%20%E9%87%8C%E9%9D%A2%E7%9A%84%20Test%20%E9%85%8D%E7%BD%AE%E4%BE%9D%E8%B5%96%E4%BA%8E%20bar%20%E9%87%8C%E9%9D%A2%E7%9A%84Compile%20%E9%85%8D%E7%BD%AE%E3%80%82/mutile-project/] ->

java.lang.IllegalArgumentException: URLDecoder: Illegal hex characters in escape (%) pattern - For input string: "%2"
	at java.net.URLDecoder.decode(URLDecoder.java:192) ~[na:1.7.0_15]
	at play.api.mvc.PathBindable$$anon$9.bind(Binders.scala:365) ~[play_2.9.1-2.0.4.jar:2.0.4]
	at play.api.mvc.PathBindable$$anon$9.bind(Binders.scala:364) ~[play_2.9.1-2.0.4.jar:2.0.4]
	at play.core.Router$RouteParams$$anonfun$fromPath$1.apply(Router.scala:1040) ~[play_2.9.1-2.0.4.jar:2.0.4]
	at play.core.Router$RouteParams$$anonfun$fromPath$1.apply(Router.scala:1040) ~[play_2.9.1-2.0.4.jar:2.0.4]
	at scala.Option.map(Option.scala:133) ~[scala-library.jar:0.12.2]
	at play.core.Router$RouteParams.fromPath(Router.scala:1040) ~[play_2.9.1-2.0.4.jar:2.0.4]
	at Routes$$anonfun$routes$1.apply(routes_routing.scala:79) ~[classes/:na]
	at Routes$$anonfun$routes$1.apply(routes_routing.scala:51) ~[classes/:na]
	at scala.PartialFunction$$anon$3.apply(PartialFunction.scala:67) ~[scala-library.jar:0.12.2]
	at scala.PartialFunction$$anon$3.apply(PartialFunction.scala:66) ~[scala-library.jar:0.12.2]
	at play.core.Router$Routes$class.handlerFor(Router.scala:1255) ~[play_2.9.1-2.0.4.jar:2.0.4]
	at Routes$.handlerFor(routes_routing.scala:14) ~[classes/:na]
	at play.api.GlobalSettings$$anonfun$onRouteRequest$1$$anonfun$apply$1.apply(Global.scala:64) ~[play_2.9.1-2.0.4.jar:2.0.4]
	at play.api.GlobalSettings$$anonfun$onRouteRequest$1$$anonfun$apply$1.apply(Global.scala:63) ~[play_2.9.1-2.0.4.jar:2.0.4]
	at scala.Option.flatMap(Option.scala:146) ~[scala-library.jar:0.12.2]
	at play.api.GlobalSettings$$anonfun$onRouteRequest$1.apply(Global.scala:63) ~[play_2.9.1-2.0.4.jar:2.0.4]
	at play.api.GlobalSettings$$anonfun$onRouteRequest$1.apply(Global.scala:63) ~[play_2.9.1-2.0.4.jar:2.0.4]
	at scala.Option.flatMap(Option.scala:146) ~[scala-library.jar:0.12.2]
	at play.api.GlobalSettings$class.onRouteRequest(Global.scala:63) ~[play_2.9.1-2.0.4.jar:2.0.4]
	at play.api.DefaultGlobal$.onRouteRequest(Global.scala:120) ~[play_2.9.1-2.0.4.jar:2.0.4]
	at play.core.server.Server$$anonfun$sendHandler$1$1.apply(Server.scala:60) ~[play_2.9.1-2.0.4.jar:2.0.4]
	at play.core.server.Server$$anonfun$sendHandler$1$1.apply(Server.scala:59) ~[play_2.9.1-2.0.4.jar:2.0.4]
	at scala.Either$RightProjection.map(Either.scala:285) [scala-library.jar:0.12.2]
	at play.core.server.Server$class.sendHandler$1(Server.scala:59) [play_2.9.1-2.0.4.jar:2.0.4]
	at play.core.server.Server$$anonfun$getHandlerFor$4.apply(Server.scala:89) [play_2.9.1-2.0.4.jar:2.0.4]
	at play.core.server.Server$$anonfun$getHandlerFor$4.apply(Server.scala:88) [play_2.9.1-2.0.4.jar:2.0.4]
	at scala.Either$RightProjection.flatMap(Either.scala:277) [scala-library.jar:0.12.2]
	at play.core.server.Server$class.getHandlerFor(Server.scala:88) [play_2.9.1-2.0.4.jar:2.0.4]
	at play.core.server.NettyServer.getHandlerFor(NettyServer.scala:38) [play_2.9.1-2.0.4.jar:2.0.4]
	at play.core.server.netty.PlayDefaultUpstreamHandler.messageReceived(PlayDefaultUpstreamHandler.scala:226) [play_2.9.1-2.0.4.jar:2.0.4]
	at org.jboss.netty.channel.SimpleChannelUpstreamHandler.handleUpstream(SimpleChannelUpstreamHandler.java:75) [netty-3.5.0.Final.jar:na]
	at org.jboss.netty.channel.DefaultChannelPipeline.sendUpstream(DefaultChannelPipeline.java:563) [netty-3.5.0.Final.jar:na]
	at org.jboss.netty.channel.DefaultChannelPipeline$DefaultChannelHandlerContext.sendUpstream(DefaultChannelPipeline.java:791) [netty-3.5.0.Final.jar:na]
	at org.jboss.netty.channel.Channels.fireMessageReceived(Channels.java:296) [netty-3.5.0.Final.jar:na]
	at org.jboss.netty.handler.codec.frame.FrameDecoder.unfoldAndFireMessageReceived(FrameDecoder.java:366) [netty-3.5.0.Final.jar:na]
	at org.jboss.netty.handler.codec.replay.ReplayingDecoder.callDecode(ReplayingDecoder.java:568) [netty-3.5.0.Final.jar:na]
	at org.jboss.netty.handler.codec.replay.ReplayingDecoder.messageReceived(ReplayingDecoder.java:437) [netty-3.5.0.Final.jar:na]
	at org.jboss.netty.channel.SimpleChannelUpstreamHandler.handleUpstream(SimpleChannelUpstreamHandler.java:75) [netty-3.5.0.Final.jar:na]
	at org.jboss.netty.channel.DefaultChannelPipeline.sendUpstream(DefaultChannelPipeline.java:563) [netty-3.5.0.Final.jar:na]
	at org.jboss.netty.channel.DefaultChannelPipeline.sendUpstream(DefaultChannelPipeline.java:558) [netty-3.5.0.Final.jar:na]
	at org.jboss.netty.channel.Channels.fireMessageReceived(Channels.java:268) [netty-3.5.0.Final.jar:na]
	at org.jboss.netty.channel.Channels.fireMessageReceived(Channels.java:255) [netty-3.5.0.Final.jar:na]
	at org.jboss.netty.channel.socket.nio.NioWorker.read(NioWorker.java:91) [netty-3.5.0.Final.jar:na]
	at org.jboss.netty.channel.socket.nio.AbstractNioWorker.processSelectedKeys(AbstractNioWorker.java:373) [netty-3.5.0.Final.jar:na]
	at org.jboss.netty.channel.socket.nio.AbstractNioWorker.run(AbstractNioWorker.java:247) [netty-3.5.0.Final.jar:na]
	at org.jboss.netty.channel.socket.nio.NioWorker.run(NioWorker.java:35) [netty-3.5.0.Final.jar:na]
	at org.jboss.netty.util.ThreadRenamingRunnable.run(ThreadRenamingRunnable.java:102) [netty-3.5.0.Final.jar:na]
	at org.jboss.netty.util.internal.DeadLockProofWorker$1.run(DeadLockProofWorker.java:42) [netty-3.5.0.Final.jar:na]
	at java.util.concurrent.ThreadPoolExecutor.runWorker(ThreadPoolExecutor.java:1145) [na:1.7.0_15]
	at java.util.concurrent.ThreadPoolExecutor$Worker.run(ThreadPoolExecutor.java:615) [na:1.7.0_15]
	at java.lang.Thread.run(Thread.java:722) [na:1.7.0_15]

2013-04-22 15:43:32,633 - [ERROR] - from application in New I/O  worker #4 


! Internal server error, for request [GET /insert/39/%E5%AF%B9%E4%BA%8E%E4%B8%80%E4%B8%AA%E4%BE%9D%E8%B5%96%E4%BD%A0%E5%8F%AF%E4%BB%A5%E6%9C%89%E5%A4%9A%E4%B8%AA%E9%85%8D%E7%BD%AE%EF%BC%8C%E7%94%A8%E5%88%86%E5%8F%B7%E9%9A%94%E5%BC%80%E3%80%82%E4%BE%8B%E5%A6%82%EF%BC%8CdependsOn(bar%20%%20%22test-~gt~test;compile-~gt~compile%22)%E3%80%82/mutile-project/] ->

java.lang.IllegalArgumentException: URLDecoder: Illegal hex characters in escape (%) pattern - For input string: "%2"
	at java.net.URLDecoder.decode(URLDecoder.java:192) ~[na:1.7.0_15]
	at play.api.mvc.PathBindable$$anon$9.bind(Binders.scala:365) ~[play_2.9.1-2.0.4.jar:2.0.4]
	at play.api.mvc.PathBindable$$anon$9.bind(Binders.scala:364) ~[play_2.9.1-2.0.4.jar:2.0.4]
	at play.core.Router$RouteParams$$anonfun$fromPath$1.apply(Router.scala:1040) ~[play_2.9.1-2.0.4.jar:2.0.4]
	at play.core.Router$RouteParams$$anonfun$fromPath$1.apply(Router.scala:1040) ~[play_2.9.1-2.0.4.jar:2.0.4]
	at scala.Option.map(Option.scala:133) ~[scala-library.jar:0.12.2]
	at play.core.Router$RouteParams.fromPath(Router.scala:1040) ~[play_2.9.1-2.0.4.jar:2.0.4]
	at Routes$$anonfun$routes$1.apply(routes_routing.scala:79) ~[classes/:na]
	at Routes$$anonfun$routes$1.apply(routes_routing.scala:51) ~[classes/:na]
	at scala.PartialFunction$$anon$3.apply(PartialFunction.scala:67) ~[scala-library.jar:0.12.2]
	at scala.PartialFunction$$anon$3.apply(PartialFunction.scala:66) ~[scala-library.jar:0.12.2]
	at play.core.Router$Routes$class.handlerFor(Router.scala:1255) ~[play_2.9.1-2.0.4.jar:2.0.4]
	at Routes$.handlerFor(routes_routing.scala:14) ~[classes/:na]
	at play.api.GlobalSettings$$anonfun$onRouteRequest$1$$anonfun$apply$1.apply(Global.scala:64) ~[play_2.9.1-2.0.4.jar:2.0.4]
	at play.api.GlobalSettings$$anonfun$onRouteRequest$1$$anonfun$apply$1.apply(Global.scala:63) ~[play_2.9.1-2.0.4.jar:2.0.4]
	at scala.Option.flatMap(Option.scala:146) ~[scala-library.jar:0.12.2]
	at play.api.GlobalSettings$$anonfun$onRouteRequest$1.apply(Global.scala:63) ~[play_2.9.1-2.0.4.jar:2.0.4]
	at play.api.GlobalSettings$$anonfun$onRouteRequest$1.apply(Global.scala:63) ~[play_2.9.1-2.0.4.jar:2.0.4]
	at scala.Option.flatMap(Option.scala:146) ~[scala-library.jar:0.12.2]
	at play.api.GlobalSettings$class.onRouteRequest(Global.scala:63) ~[play_2.9.1-2.0.4.jar:2.0.4]
	at play.api.DefaultGlobal$.onRouteRequest(Global.scala:120) ~[play_2.9.1-2.0.4.jar:2.0.4]
	at play.core.server.Server$$anonfun$sendHandler$1$1.apply(Server.scala:60) ~[play_2.9.1-2.0.4.jar:2.0.4]
	at play.core.server.Server$$anonfun$sendHandler$1$1.apply(Server.scala:59) ~[play_2.9.1-2.0.4.jar:2.0.4]
	at scala.Either$RightProjection.map(Either.scala:285) [scala-library.jar:0.12.2]
	at play.core.server.Server$class.sendHandler$1(Server.scala:59) [play_2.9.1-2.0.4.jar:2.0.4]
	at play.core.server.Server$$anonfun$getHandlerFor$4.apply(Server.scala:89) [play_2.9.1-2.0.4.jar:2.0.4]
	at play.core.server.Server$$anonfun$getHandlerFor$4.apply(Server.scala:88) [play_2.9.1-2.0.4.jar:2.0.4]
	at scala.Either$RightProjection.flatMap(Either.scala:277) [scala-library.jar:0.12.2]
	at play.core.server.Server$class.getHandlerFor(Server.scala:88) [play_2.9.1-2.0.4.jar:2.0.4]
	at play.core.server.NettyServer.getHandlerFor(NettyServer.scala:38) [play_2.9.1-2.0.4.jar:2.0.4]
	at play.core.server.netty.PlayDefaultUpstreamHandler.messageReceived(PlayDefaultUpstreamHandler.scala:226) [play_2.9.1-2.0.4.jar:2.0.4]
	at org.jboss.netty.channel.SimpleChannelUpstreamHandler.handleUpstream(SimpleChannelUpstreamHandler.java:75) [netty-3.5.0.Final.jar:na]
	at org.jboss.netty.channel.DefaultChannelPipeline.sendUpstream(DefaultChannelPipeline.java:563) [netty-3.5.0.Final.jar:na]
	at org.jboss.netty.channel.DefaultChannelPipeline$DefaultChannelHandlerContext.sendUpstream(DefaultChannelPipeline.java:791) [netty-3.5.0.Final.jar:na]
	at org.jboss.netty.channel.Channels.fireMessageReceived(Channels.java:296) [netty-3.5.0.Final.jar:na]
	at org.jboss.netty.handler.codec.frame.FrameDecoder.unfoldAndFireMessageReceived(FrameDecoder.java:366) [netty-3.5.0.Final.jar:na]
	at org.jboss.netty.handler.codec.replay.ReplayingDecoder.callDecode(ReplayingDecoder.java:568) [netty-3.5.0.Final.jar:na]
	at org.jboss.netty.handler.codec.replay.ReplayingDecoder.messageReceived(ReplayingDecoder.java:437) [netty-3.5.0.Final.jar:na]
	at org.jboss.netty.channel.SimpleChannelUpstreamHandler.handleUpstream(SimpleChannelUpstreamHandler.java:75) [netty-3.5.0.Final.jar:na]
	at org.jboss.netty.channel.DefaultChannelPipeline.sendUpstream(DefaultChannelPipeline.java:563) [netty-3.5.0.Final.jar:na]
	at org.jboss.netty.channel.DefaultChannelPipeline.sendUpstream(DefaultChannelPipeline.java:558) [netty-3.5.0.Final.jar:na]
	at org.jboss.netty.channel.Channels.fireMessageReceived(Channels.java:268) [netty-3.5.0.Final.jar:na]
	at org.jboss.netty.channel.Channels.fireMessageReceived(Channels.java:255) [netty-3.5.0.Final.jar:na]
	at org.jboss.netty.channel.socket.nio.NioWorker.read(NioWorker.java:91) [netty-3.5.0.Final.jar:na]
	at org.jboss.netty.channel.socket.nio.AbstractNioWorker.processSelectedKeys(AbstractNioWorker.java:373) [netty-3.5.0.Final.jar:na]
	at org.jboss.netty.channel.socket.nio.AbstractNioWorker.run(AbstractNioWorker.java:247) [netty-3.5.0.Final.jar:na]
	at org.jboss.netty.channel.socket.nio.NioWorker.run(NioWorker.java:35) [netty-3.5.0.Final.jar:na]
	at org.jboss.netty.util.ThreadRenamingRunnable.run(ThreadRenamingRunnable.java:102) [netty-3.5.0.Final.jar:na]
	at org.jboss.netty.util.internal.DeadLockProofWorker$1.run(DeadLockProofWorker.java:42) [netty-3.5.0.Final.jar:na]
	at java.util.concurrent.ThreadPoolExecutor.runWorker(ThreadPoolExecutor.java:1145) [na:1.7.0_15]
	at java.util.concurrent.ThreadPoolExecutor$Worker.run(ThreadPoolExecutor.java:615) [na:1.7.0_15]
	at java.lang.Thread.run(Thread.java:722) [na:1.7.0_15]

2013-04-22 15:49:20,957 - [ERROR] - from application in New I/O  worker #4 


! Internal server error, for request [GET /insert/35/foo%20dependsOn(bar)%20%E6%84%8F%E5%91%B3%E7%9D%80%20foo%20%E9%87%8C%E9%9D%A2%E7%9A%84%20Compile%20%E4%BE%9D%E8%B5%96%E4%BA%8E%20bar%20%E9%87%8C%E9%9D%A2%E7%9A%84Compile%E3%80%82%E4%B9%9F%E5%8F%AF%E4%BB%A5%E8%BF%99%E6%A0%B7%E5%86%99%20dependsOn(bar%20%%20%22compile-~gt~compile%22)%E3%80%82/mutile-project/] ->

java.lang.IllegalArgumentException: URLDecoder: Illegal hex characters in escape (%) pattern - For input string: "%2"
	at java.net.URLDecoder.decode(URLDecoder.java:192) ~[na:1.7.0_15]
	at play.api.mvc.PathBindable$$anon$9.bind(Binders.scala:365) ~[play_2.9.1-2.0.4.jar:2.0.4]
	at play.api.mvc.PathBindable$$anon$9.bind(Binders.scala:364) ~[play_2.9.1-2.0.4.jar:2.0.4]
	at play.core.Router$RouteParams$$anonfun$fromPath$1.apply(Router.scala:1040) ~[play_2.9.1-2.0.4.jar:2.0.4]
	at play.core.Router$RouteParams$$anonfun$fromPath$1.apply(Router.scala:1040) ~[play_2.9.1-2.0.4.jar:2.0.4]
	at scala.Option.map(Option.scala:133) ~[scala-library.jar:0.12.2]
	at play.core.Router$RouteParams.fromPath(Router.scala:1040) ~[play_2.9.1-2.0.4.jar:2.0.4]
	at Routes$$anonfun$routes$1.apply(routes_routing.scala:79) ~[classes/:na]
	at Routes$$anonfun$routes$1.apply(routes_routing.scala:51) ~[classes/:na]
	at scala.PartialFunction$$anon$3.apply(PartialFunction.scala:67) ~[scala-library.jar:0.12.2]
	at scala.PartialFunction$$anon$3.apply(PartialFunction.scala:66) ~[scala-library.jar:0.12.2]
	at play.core.Router$Routes$class.handlerFor(Router.scala:1255) ~[play_2.9.1-2.0.4.jar:2.0.4]
	at Routes$.handlerFor(routes_routing.scala:14) ~[classes/:na]
	at play.api.GlobalSettings$$anonfun$onRouteRequest$1$$anonfun$apply$1.apply(Global.scala:64) ~[play_2.9.1-2.0.4.jar:2.0.4]
	at play.api.GlobalSettings$$anonfun$onRouteRequest$1$$anonfun$apply$1.apply(Global.scala:63) ~[play_2.9.1-2.0.4.jar:2.0.4]
	at scala.Option.flatMap(Option.scala:146) ~[scala-library.jar:0.12.2]
	at play.api.GlobalSettings$$anonfun$onRouteRequest$1.apply(Global.scala:63) ~[play_2.9.1-2.0.4.jar:2.0.4]
	at play.api.GlobalSettings$$anonfun$onRouteRequest$1.apply(Global.scala:63) ~[play_2.9.1-2.0.4.jar:2.0.4]
	at scala.Option.flatMap(Option.scala:146) ~[scala-library.jar:0.12.2]
	at play.api.GlobalSettings$class.onRouteRequest(Global.scala:63) ~[play_2.9.1-2.0.4.jar:2.0.4]
	at play.api.DefaultGlobal$.onRouteRequest(Global.scala:120) ~[play_2.9.1-2.0.4.jar:2.0.4]
	at play.core.server.Server$$anonfun$sendHandler$1$1.apply(Server.scala:60) ~[play_2.9.1-2.0.4.jar:2.0.4]
	at play.core.server.Server$$anonfun$sendHandler$1$1.apply(Server.scala:59) ~[play_2.9.1-2.0.4.jar:2.0.4]
	at scala.Either$RightProjection.map(Either.scala:285) [scala-library.jar:0.12.2]
	at play.core.server.Server$class.sendHandler$1(Server.scala:59) [play_2.9.1-2.0.4.jar:2.0.4]
	at play.core.server.Server$$anonfun$getHandlerFor$4.apply(Server.scala:89) [play_2.9.1-2.0.4.jar:2.0.4]
	at play.core.server.Server$$anonfun$getHandlerFor$4.apply(Server.scala:88) [play_2.9.1-2.0.4.jar:2.0.4]
	at scala.Either$RightProjection.flatMap(Either.scala:277) [scala-library.jar:0.12.2]
	at play.core.server.Server$class.getHandlerFor(Server.scala:88) [play_2.9.1-2.0.4.jar:2.0.4]
	at play.core.server.NettyServer.getHandlerFor(NettyServer.scala:38) [play_2.9.1-2.0.4.jar:2.0.4]
	at play.core.server.netty.PlayDefaultUpstreamHandler.messageReceived(PlayDefaultUpstreamHandler.scala:226) [play_2.9.1-2.0.4.jar:2.0.4]
	at org.jboss.netty.channel.SimpleChannelUpstreamHandler.handleUpstream(SimpleChannelUpstreamHandler.java:75) [netty-3.5.0.Final.jar:na]
	at org.jboss.netty.channel.DefaultChannelPipeline.sendUpstream(DefaultChannelPipeline.java:563) [netty-3.5.0.Final.jar:na]
	at org.jboss.netty.channel.DefaultChannelPipeline$DefaultChannelHandlerContext.sendUpstream(DefaultChannelPipeline.java:791) [netty-3.5.0.Final.jar:na]
	at org.jboss.netty.channel.Channels.fireMessageReceived(Channels.java:296) [netty-3.5.0.Final.jar:na]
	at org.jboss.netty.handler.codec.frame.FrameDecoder.unfoldAndFireMessageReceived(FrameDecoder.java:366) [netty-3.5.0.Final.jar:na]
	at org.jboss.netty.handler.codec.replay.ReplayingDecoder.callDecode(ReplayingDecoder.java:568) [netty-3.5.0.Final.jar:na]
	at org.jboss.netty.handler.codec.replay.ReplayingDecoder.messageReceived(ReplayingDecoder.java:437) [netty-3.5.0.Final.jar:na]
	at org.jboss.netty.channel.SimpleChannelUpstreamHandler.handleUpstream(SimpleChannelUpstreamHandler.java:75) [netty-3.5.0.Final.jar:na]
	at org.jboss.netty.channel.DefaultChannelPipeline.sendUpstream(DefaultChannelPipeline.java:563) [netty-3.5.0.Final.jar:na]
	at org.jboss.netty.channel.DefaultChannelPipeline.sendUpstream(DefaultChannelPipeline.java:558) [netty-3.5.0.Final.jar:na]
	at org.jboss.netty.channel.Channels.fireMessageReceived(Channels.java:268) [netty-3.5.0.Final.jar:na]
	at org.jboss.netty.channel.Channels.fireMessageReceived(Channels.java:255) [netty-3.5.0.Final.jar:na]
	at org.jboss.netty.channel.socket.nio.NioWorker.read(NioWorker.java:91) [netty-3.5.0.Final.jar:na]
	at org.jboss.netty.channel.socket.nio.AbstractNioWorker.processSelectedKeys(AbstractNioWorker.java:373) [netty-3.5.0.Final.jar:na]
	at org.jboss.netty.channel.socket.nio.AbstractNioWorker.run(AbstractNioWorker.java:247) [netty-3.5.0.Final.jar:na]
	at org.jboss.netty.channel.socket.nio.NioWorker.run(NioWorker.java:35) [netty-3.5.0.Final.jar:na]
	at org.jboss.netty.util.ThreadRenamingRunnable.run(ThreadRenamingRunnable.java:102) [netty-3.5.0.Final.jar:na]
	at org.jboss.netty.util.internal.DeadLockProofWorker$1.run(DeadLockProofWorker.java:42) [netty-3.5.0.Final.jar:na]
	at java.util.concurrent.ThreadPoolExecutor.runWorker(ThreadPoolExecutor.java:1145) [na:1.7.0_15]
	at java.util.concurrent.ThreadPoolExecutor$Worker.run(ThreadPoolExecutor.java:615) [na:1.7.0_15]
	at java.lang.Thread.run(Thread.java:722) [na:1.7.0_15]

